2025-08-26 03:17:52,997 - root - INFO - Registered new schema 'sd_generate' version 1.0.0
2025-08-26 03:17:52,997 - root - INFO - Registered new schema 'upscale_image' version 1.0.0
2025-08-26 03:17:52,998 - root - INFO - Registered new schema 'upload_file' version 1.0.0
2025-08-26 03:17:52,998 - root - INFO - Registered new schema 'transcribe_audio' version 1.0.0
2025-08-26 03:17:52,998 - root - INFO - Registered new schema 'synthesize_speech' version 1.0.0
2025-08-26 03:17:52,999 - root - INFO - Registered new schema 'generate_animation' version 1.0.0
2025-08-26 03:17:52,999 - root - INFO - Registered all tool schemas
2025-08-26 03:20:29,126 - root - INFO - Registered new schema 'sd_generate' version 1.0.0
2025-08-26 03:20:29,127 - root - INFO - Registered new schema 'upscale_image' version 1.0.0
2025-08-26 03:20:29,127 - root - INFO - Registered new schema 'upload_file' version 1.0.0
2025-08-26 03:20:29,127 - root - INFO - Registered new schema 'transcribe_audio' version 1.0.0
2025-08-26 03:20:29,128 - root - INFO - Registered new schema 'synthesize_speech' version 1.0.0
2025-08-26 03:20:29,128 - root - INFO - Registered new schema 'generate_animation' version 1.0.0
2025-08-26 03:20:29,128 - root - INFO - Registered all tool schemas
2025-08-26 03:29:52,477 - root - INFO - Registered tool: generate_image
2025-08-26 03:29:52,478 - root - INFO - Registered tool: upscale_image
2025-08-26 03:29:52,478 - root - INFO - Registered tool: generate_animation
2025-08-26 03:29:52,478 - root - INFO - Registered tool: call_service
2025-08-26 03:29:59,443 - root - INFO - Registered tool: generate_image
2025-08-26 03:29:59,443 - root - INFO - Registered tool: upscale_image
2025-08-26 03:29:59,443 - root - INFO - Registered tool: generate_animation
2025-08-26 03:29:59,443 - root - INFO - Registered tool: call_service
2025-08-26 03:29:59,482 - root - INFO - Converted tool call 'sd_generate' to 2 steps
2025-08-26 03:29:59,482 - root - INFO - Converted tool call 'sd_generate' to 2 steps
2025-08-26 03:29:59,482 - root - INFO - Submitting workflow with correlation_id: be33005342c0a6c7e34fa0f003497902
2025-08-26 03:29:59,482 - root - INFO - Submitting workflow with correlation_id: be33005342c0a6c7e34fa0f003497902
2025-08-26 03:29:59,484 - root - INFO - Submitting workflow with correlation_id: explicit_id_123
2025-08-26 03:29:59,484 - root - INFO - Submitting workflow with correlation_id: explicit_id_123
2025-08-26 03:29:59,484 - root - INFO - Submitting workflow with correlation_id: explicit_id_123
2025-08-26 03:30:06,946 - root - INFO - Registered tool: generate_image
2025-08-26 03:30:06,946 - root - INFO - Registered tool: upscale_image
2025-08-26 03:30:06,946 - root - INFO - Registered tool: generate_animation
2025-08-26 03:30:06,946 - root - INFO - Registered tool: call_service
2025-08-26 03:30:06,986 - root - INFO - Converted tool call 'generate_animation' to 3 steps
2025-08-26 03:30:06,986 - root - INFO - Converted tool call 'generate_animation' to 3 steps
2025-08-26 03:30:06,986 - root - INFO - Converted tool call 'generate_animation' to 3 steps
2025-08-26 03:30:06,986 - root - INFO - Converted tool call 'generate_animation' to 3 steps
2025-08-26 03:30:06,986 - root - INFO - Converted tool call 'generate_animation' to 3 steps
{"timestamp": "2025-08-26 18:02:01,925", "level": "INFO", "name": "root", "message": "Registered tool: generate_image"}
{"timestamp": "2025-08-26 18:02:01,926", "level": "INFO", "name": "root", "message": "Registered tool: upscale_image"}
{"timestamp": "2025-08-26 18:02:01,927", "level": "INFO", "name": "root", "message": "Registered tool: generate_animation"}
{"timestamp": "2025-08-26 18:02:01,927", "level": "INFO", "name": "root", "message": "Registered tool: call_service"}
{"timestamp": "2025-08-26 18:02:04,521", "level": "CRITICAL", "name": "core.config", "message": "FATAL: Configuration validation error: 1 validation error for AppSettings\nTELEGRAM_BOT_TOKEN\n  Field required [type=missing, input_value={}, input_type=dict]\n    For further information visit https://errors.pydantic.dev/2.11/v/missing"}
{"timestamp": "2025-08-26 18:02:54,714", "level": "INFO", "name": "root", "message": "Registered tool: generate_image"}
{"timestamp": "2025-08-26 18:02:54,715", "level": "INFO", "name": "root", "message": "Registered tool: upscale_image"}
{"timestamp": "2025-08-26 18:02:54,715", "level": "INFO", "name": "root", "message": "Registered tool: generate_animation"}
{"timestamp": "2025-08-26 18:02:54,716", "level": "INFO", "name": "root", "message": "Registered tool: call_service"}
{"timestamp": "2025-08-26 18:02:57,097", "level": "CRITICAL", "name": "core.config", "message": "FATAL: Configuration validation error: 1 validation error for AppSettings\nTELEGRAM_BOT_TOKEN\n  Field required [type=missing, input_value={}, input_type=dict]\n    For further information visit https://errors.pydantic.dev/2.11/v/missing"}
{"timestamp": "2025-08-26 18:25:58,222", "level": "INFO", "name": "root", "message": "Registered tool: generate_image"}
{"timestamp": "2025-08-26 18:25:58,224", "level": "INFO", "name": "root", "message": "Registered tool: upscale_image"}
{"timestamp": "2025-08-26 18:25:58,224", "level": "INFO", "name": "root", "message": "Registered tool: generate_animation"}
{"timestamp": "2025-08-26 18:25:58,224", "level": "INFO", "name": "root", "message": "Registered tool: call_service"}
{"timestamp": "2025-08-26 18:27:52,099", "level": "INFO", "name": "root", "message": "Registered tool: generate_image"}
{"timestamp": "2025-08-26 18:27:52,100", "level": "INFO", "name": "root", "message": "Registered tool: upscale_image"}
{"timestamp": "2025-08-26 18:27:52,101", "level": "INFO", "name": "root", "message": "Registered tool: generate_animation"}
{"timestamp": "2025-08-26 18:27:52,101", "level": "INFO", "name": "root", "message": "Registered tool: call_service"}
{"timestamp": "2025-08-26 18:34:18,512", "level": "INFO", "name": "root", "message": "Registered tool: generate_image"}
{"timestamp": "2025-08-26 18:34:18,513", "level": "INFO", "name": "root", "message": "Registered tool: upscale_image"}
{"timestamp": "2025-08-26 18:34:18,513", "level": "INFO", "name": "root", "message": "Registered tool: generate_animation"}
{"timestamp": "2025-08-26 18:34:18,513", "level": "INFO", "name": "root", "message": "Registered tool: call_service"}
{"timestamp": "2025-08-26 18:43:29,074", "level": "INFO", "name": "root", "message": "Registered tool: generate_image"}
{"timestamp": "2025-08-26 18:43:29,076", "level": "INFO", "name": "root", "message": "Registered tool: upscale_image"}
{"timestamp": "2025-08-26 18:43:29,076", "level": "INFO", "name": "root", "message": "Registered tool: generate_animation"}
{"timestamp": "2025-08-26 18:43:29,076", "level": "INFO", "name": "root", "message": "Registered tool: call_service"}
{"timestamp": "2025-08-26 18:45:10,394", "level": "INFO", "name": "root", "message": "Registered tool: generate_image"}
{"timestamp": "2025-08-26 18:45:10,395", "level": "INFO", "name": "root", "message": "Registered tool: upscale_image"}
{"timestamp": "2025-08-26 18:45:10,395", "level": "INFO", "name": "root", "message": "Registered tool: generate_animation"}
{"timestamp": "2025-08-26 18:45:10,395", "level": "INFO", "name": "root", "message": "Registered tool: call_service"}
